<?xml version="1.0" encoding="UTF-8"?>
<!-- Generated by org.testng.reporters.JUnitXMLReporter -->
<testsuite hostname="LENOVO" name="Sprint1_OnceCycle" tests="5" failures="0" timestamp="23 May 2017 18:56:29 GMT" time="244.927" errors="0">
  <testcase name="facebook" time="72.273" classname="com.BankerChat.testScript.Sprint1_FullCycle.FacebookExecute"/>
  <testcase name="testLogin" time="25.005" classname="com.BankerChat.testScript.Sprint1_FullCycle.TestExecute"/>
  <testcase name="testUnclaimed" time="21.594" classname="com.BankerChat.testScript.Sprint1_FullCycle.TestExecute"/>
  <testcase name="testClaimed" time="13.929" classname="com.BankerChat.testScript.Sprint1_FullCycle.TestExecute"/>
  <testcase name="testSignOut" time="43.552" classname="com.BankerChat.testScript.Sprint1_FullCycle.TestExecute"/>
</testsuite> <!-- Sprint1_OnceCycle -->
