<?xml version="1.0" encoding="UTF-8"?>
<testng-results skipped="0" failed="0" total="5" passed="5">
  <reporter-output>
    <line>
      <![CDATA[STEP1]]>
    </line>
    <line>
      <![CDATA[Browser Started]]>
    </line>
    <line>
      <![CDATA[FaceBook Page is loaded]]>
    </line>
    <line>
      <![CDATA[STEP4]]>
    </line>
    <line>
      <![CDATA[USER NAME :markreevs0@gmail.com]]>
    </line>
    <line>
      <![CDATA[STEP6]]>
    </line>
    <line>
      <![CDATA[PASSWORD: P@ssw0rd2]]>
    </line>
    <line>
      <![CDATA[STEP8]]>
    </line>
    <line>
      <![CDATA[STEP9]]>
    </line>
    <line>
      <![CDATA[Login Button Clicked]]>
    </line>
    <line>
      <![CDATA[Chat Icon clicked]]>
    </line>
    <line>
      <![CDATA[STEP12]]>
    </line>
    <line>
      <![CDATA[View more chat details tab clicked]]>
    </line>
    <line>
      <![CDATA[STEP14]]>
    </line>
    <line>
      <![CDATA[STEP15]]>
    </line>
    <line>
      <![CDATA[SBSA South Africa value Entered]]>
    </line>
    <line>
      <![CDATA[SBSA logo clicked]]>
    </line>
    <line>
      <![CDATA[STEP18]]>
    </line>
    <line>
      <![CDATA[Hello value entered]]>
    </line>
    <line>
      <![CDATA[STEP20]]>
    </line>
    <line>
      <![CDATA[STEP21]]>
    </line>
    <line>
      <![CDATA[Send button clicked]]>
    </line>
    <line>
      <![CDATA[STEP23]]>
    </line>
    <line>
      <![CDATA[Logout dropdown button clicked]]>
    </line>
    <line>
      <![CDATA[STEP25]]>
    </line>
    <line>
      <![CDATA[Logout tab clicked]]>
    </line>
    <line>
      <![CDATA[STEP27]]>
    </line>
    <line>
      <![CDATA[Browser Close]]>
    </line>
    <line>
      <![CDATA[STEP29]]>
    </line>
    <line>
      <![CDATA[Page Load Initiated: Waiting to load page.......]]>
    </line>
    <line>
      <![CDATA[Page Load Status: Page is loaded]]>
    </line>
    <line>
      <![CDATA[LOGIN TEST : Started]]>
    </line>
    <line>
      <![CDATA[Waiting for 5 seconds........]]>
    </line>
    <line>
      <![CDATA[STEP34]]>
    </line>
    <line>
      <![CDATA[Waiting for 5 seconds........]]>
    </line>
    <line>
      <![CDATA[STEP36]]>
    </line>
    <line>
      <![CDATA[Waiting for 5 seconds........]]>
    </line>
    <line>
      <![CDATA[LOGIN TEST : End]]>
    </line>
    <line>
      <![CDATA[UNCLAIMED TAB TEST : Started]]>
    </line>
    <line>
      <![CDATA[Unclaimed Tab:Clicked
]]>
    </line>
    <line>
      <![CDATA[Waiting for 5 seconds........]]>
    </line>
    <line>
      <![CDATA[STEP42]]>
    </line>
    <line>
      <![CDATA[Waiting for 5 seconds........]]>
    </line>
    <line>
      <![CDATA[STEP44]]>
    </line>
    <line>
      <![CDATA[Unclaimed count: 1]]>
    </line>
    <line>
      <![CDATA[Waiting for 5 seconds........]]>
    </line>
    <line>
      <![CDATA[STEP47]]>
    </line>
    <line>
      <![CDATA[Waiting for 5 seconds........]]>
    </line>
    <line>
      <![CDATA[CLAIM THIS QUERY ICON : Clicked]]>
    </line>
    <line>
      <![CDATA[STEP50]]>
    </line>
    <line>
      <![CDATA[UNCLAIMED TAB TEST : End]]>
    </line>
    <line>
      <![CDATA[CHATS TAB TEST: Started
]]>
    </line>
    <line>
      <![CDATA[STEP53]]>
    </line>
    <line>
      <![CDATA[CLAIMED COUNT: 1]]>
    </line>
    <line>
      <![CDATA[STEP55]]>
    </line>
    <line>
      <![CDATA[Waiting for 5 seconds........]]>
    </line>
    <line>
      <![CDATA[STEP57]]>
    </line>
    <line>
      <![CDATA[Waiting for 5 seconds........]]>
    </line>
    <line>
      <![CDATA[STEP59]]>
    </line>
    <line>
      <![CDATA[DIALOG YES OR NO: Yes clicked]]>
    </line>
    <line>
      <![CDATA[STEP61]]>
    </line>
    <line>
      <![CDATA[CHATS TAB TEST: End]]>
    </line>
    <line>
      <![CDATA[SIGNOUT TEST : Started]]>
    </line>
    <line>
      <![CDATA[Waiting for 5 seconds........]]>
    </line>
    <line>
      <![CDATA[Waiting for 10 seconds........]]>
    </line>
    <line>
      <![CDATA[STEP66]]>
    </line>
    <line>
      <![CDATA[Profile Tab: Icon Clicked]]>
    </line>
    <line>
      <![CDATA[Waiting for 10 seconds........]]>
    </line>
    <line>
      <![CDATA[STEP69]]>
    </line>
    <line>
      <![CDATA[SIGN OUT: Clicked]]>
    </line>
    <line>
      <![CDATA[Waiting for 5 seconds........]]>
    </line>
    <line>
      <![CDATA[Waiting for 10 seconds........]]>
    </line>
    <line>
      <![CDATA[STEP73]]>
    </line>
    <line>
      <![CDATA[DIALOG YES OR NO: Yes clicked]]>
    </line>
    <line>
      <![CDATA[Logout : Logged Out Successfully....]]>
    </line>
    <line>
      <![CDATA[STEP76]]>
    </line>
    <line>
      <![CDATA[SIGNOUT TEST : End]]>
    </line>
  </reporter-output>
  <suite name="TestOnceCycle" duration-ms="244927" started-at="2017-05-23T18:52:23Z" finished-at="2017-05-23T18:56:28Z">
    <groups>
    </groups>
    <test name="Sprint1_OnceCycle" duration-ms="244927" started-at="2017-05-23T18:52:23Z" finished-at="2017-05-23T18:56:28Z">
      <class name="com.BankerChat.testScript.Sprint1_FullCycle.FacebookExecute">
        <test-method status="PASS" signature="OpenBrowser()[pri:0, instance:com.BankerChat.testScript.Sprint1_FullCycle.FacebookExecute@56ef9176]" name="OpenBrowser" is-config="true" duration-ms="19526" started-at="2017-05-24T00:22:23Z" finished-at="2017-05-24T00:22:42Z">
          <reporter-output>
            <line>
              <![CDATA[STEP1]]>
            </line>
            <line>
              <![CDATA[Browser Started]]>
            </line>
          </reporter-output>
        </test-method> <!-- OpenBrowser -->
        <test-method status="PASS" signature="facebook()[pri:0, instance:com.BankerChat.testScript.Sprint1_FullCycle.FacebookExecute@56ef9176]" name="facebook" duration-ms="72273" started-at="2017-05-24T00:22:42Z" finished-at="2017-05-24T00:23:55Z">
          <reporter-output>
            <line>
              <![CDATA[FaceBook Page is loaded]]>
            </line>
            <line>
              <![CDATA[STEP4]]>
            </line>
            <line>
              <![CDATA[USER NAME :markreevs0@gmail.com]]>
            </line>
            <line>
              <![CDATA[STEP6]]>
            </line>
            <line>
              <![CDATA[PASSWORD: P@ssw0rd2]]>
            </line>
            <line>
              <![CDATA[STEP8]]>
            </line>
            <line>
              <![CDATA[STEP9]]>
            </line>
            <line>
              <![CDATA[Login Button Clicked]]>
            </line>
            <line>
              <![CDATA[Chat Icon clicked]]>
            </line>
            <line>
              <![CDATA[STEP12]]>
            </line>
            <line>
              <![CDATA[View more chat details tab clicked]]>
            </line>
            <line>
              <![CDATA[STEP14]]>
            </line>
            <line>
              <![CDATA[STEP15]]>
            </line>
            <line>
              <![CDATA[SBSA South Africa value Entered]]>
            </line>
            <line>
              <![CDATA[SBSA logo clicked]]>
            </line>
            <line>
              <![CDATA[STEP18]]>
            </line>
            <line>
              <![CDATA[Hello value entered]]>
            </line>
            <line>
              <![CDATA[STEP20]]>
            </line>
            <line>
              <![CDATA[STEP21]]>
            </line>
            <line>
              <![CDATA[Send button clicked]]>
            </line>
            <line>
              <![CDATA[STEP23]]>
            </line>
            <line>
              <![CDATA[Logout dropdown button clicked]]>
            </line>
            <line>
              <![CDATA[STEP25]]>
            </line>
            <line>
              <![CDATA[Logout tab clicked]]>
            </line>
          </reporter-output>
        </test-method> <!-- facebook -->
        <test-method status="PASS" signature="CloseBrowser()[pri:0, instance:com.BankerChat.testScript.Sprint1_FullCycle.FacebookExecute@56ef9176]" name="CloseBrowser" is-config="true" duration-ms="11580" started-at="2017-05-24T00:23:55Z" finished-at="2017-05-24T00:24:07Z">
          <reporter-output>
            <line>
              <![CDATA[STEP27]]>
            </line>
            <line>
              <![CDATA[Browser Close]]>
            </line>
          </reporter-output>
        </test-method> <!-- CloseBrowser -->
      </class> <!-- com.BankerChat.testScript.Sprint1_FullCycle.FacebookExecute -->
      <class name="com.BankerChat.testScript.Sprint1_FullCycle.TestExecute">
        <test-method status="PASS" signature="setUp()[pri:0, instance:com.BankerChat.testScript.Sprint1_FullCycle.TestExecute@4566e5bd]" name="setUp" is-config="true" duration-ms="36693" started-at="2017-05-24T00:24:07Z" finished-at="2017-05-24T00:24:43Z">
          <reporter-output>
            <line>
              <![CDATA[STEP29]]>
            </line>
            <line>
              <![CDATA[Page Load Initiated: Waiting to load page.......]]>
            </line>
            <line>
              <![CDATA[Page Load Status: Page is loaded]]>
            </line>
          </reporter-output>
        </test-method> <!-- setUp -->
        <test-method status="PASS" signature="testLogin()[pri:1, instance:com.BankerChat.testScript.Sprint1_FullCycle.TestExecute@4566e5bd]" name="testLogin" duration-ms="25005" started-at="2017-05-24T00:24:43Z" finished-at="2017-05-24T00:25:08Z">
          <reporter-output>
            <line>
              <![CDATA[LOGIN TEST : Started]]>
            </line>
            <line>
              <![CDATA[Waiting for 5 seconds........]]>
            </line>
            <line>
              <![CDATA[STEP34]]>
            </line>
            <line>
              <![CDATA[Waiting for 5 seconds........]]>
            </line>
            <line>
              <![CDATA[STEP36]]>
            </line>
            <line>
              <![CDATA[Waiting for 5 seconds........]]>
            </line>
            <line>
              <![CDATA[LOGIN TEST : End]]>
            </line>
          </reporter-output>
        </test-method> <!-- testLogin -->
        <test-method status="PASS" signature="testUnclaimed()[pri:2, instance:com.BankerChat.testScript.Sprint1_FullCycle.TestExecute@4566e5bd]" name="testUnclaimed" duration-ms="21594" started-at="2017-05-24T00:25:08Z" finished-at="2017-05-24T00:25:30Z">
          <reporter-output>
            <line>
              <![CDATA[UNCLAIMED TAB TEST : Started]]>
            </line>
            <line>
              <![CDATA[Unclaimed Tab:Clicked
]]>
            </line>
            <line>
              <![CDATA[Waiting for 5 seconds........]]>
            </line>
            <line>
              <![CDATA[STEP42]]>
            </line>
            <line>
              <![CDATA[Waiting for 5 seconds........]]>
            </line>
            <line>
              <![CDATA[STEP44]]>
            </line>
            <line>
              <![CDATA[Unclaimed count: 1]]>
            </line>
            <line>
              <![CDATA[Waiting for 5 seconds........]]>
            </line>
            <line>
              <![CDATA[STEP47]]>
            </line>
            <line>
              <![CDATA[Waiting for 5 seconds........]]>
            </line>
            <line>
              <![CDATA[CLAIM THIS QUERY ICON : Clicked]]>
            </line>
            <line>
              <![CDATA[STEP50]]>
            </line>
            <line>
              <![CDATA[UNCLAIMED TAB TEST : End]]>
            </line>
          </reporter-output>
        </test-method> <!-- testUnclaimed -->
        <test-method status="PASS" signature="testClaimed()[pri:3, instance:com.BankerChat.testScript.Sprint1_FullCycle.TestExecute@4566e5bd]" name="testClaimed" duration-ms="13929" started-at="2017-05-24T00:25:30Z" finished-at="2017-05-24T00:25:44Z">
          <reporter-output>
            <line>
              <![CDATA[CHATS TAB TEST: Started
]]>
            </line>
            <line>
              <![CDATA[STEP53]]>
            </line>
            <line>
              <![CDATA[CLAIMED COUNT: 1]]>
            </line>
            <line>
              <![CDATA[STEP55]]>
            </line>
            <line>
              <![CDATA[Waiting for 5 seconds........]]>
            </line>
            <line>
              <![CDATA[STEP57]]>
            </line>
            <line>
              <![CDATA[Waiting for 5 seconds........]]>
            </line>
            <line>
              <![CDATA[STEP59]]>
            </line>
            <line>
              <![CDATA[DIALOG YES OR NO: Yes clicked]]>
            </line>
            <line>
              <![CDATA[STEP61]]>
            </line>
            <line>
              <![CDATA[CHATS TAB TEST: End]]>
            </line>
          </reporter-output>
        </test-method> <!-- testClaimed -->
        <test-method status="PASS" signature="testSignOut()[pri:4, instance:com.BankerChat.testScript.Sprint1_FullCycle.TestExecute@4566e5bd]" name="testSignOut" duration-ms="43552" started-at="2017-05-24T00:25:44Z" finished-at="2017-05-24T00:26:27Z">
          <reporter-output>
            <line>
              <![CDATA[SIGNOUT TEST : Started]]>
            </line>
            <line>
              <![CDATA[Waiting for 5 seconds........]]>
            </line>
            <line>
              <![CDATA[Waiting for 10 seconds........]]>
            </line>
            <line>
              <![CDATA[STEP66]]>
            </line>
            <line>
              <![CDATA[Profile Tab: Icon Clicked]]>
            </line>
            <line>
              <![CDATA[Waiting for 10 seconds........]]>
            </line>
            <line>
              <![CDATA[STEP69]]>
            </line>
            <line>
              <![CDATA[SIGN OUT: Clicked]]>
            </line>
            <line>
              <![CDATA[Waiting for 5 seconds........]]>
            </line>
            <line>
              <![CDATA[Waiting for 10 seconds........]]>
            </line>
            <line>
              <![CDATA[STEP73]]>
            </line>
            <line>
              <![CDATA[DIALOG YES OR NO: Yes clicked]]>
            </line>
            <line>
              <![CDATA[Logout : Logged Out Successfully....]]>
            </line>
            <line>
              <![CDATA[STEP76]]>
            </line>
            <line>
              <![CDATA[SIGNOUT TEST : End]]>
            </line>
          </reporter-output>
        </test-method> <!-- testSignOut -->
        <test-method status="PASS" signature="testDown()[pri:0, instance:com.BankerChat.testScript.Sprint1_FullCycle.TestExecute@4566e5bd]" name="testDown" is-config="true" duration-ms="469" started-at="2017-05-24T00:26:27Z" finished-at="2017-05-24T00:26:28Z">
          <reporter-output>
          </reporter-output>
        </test-method> <!-- testDown -->
      </class> <!-- com.BankerChat.testScript.Sprint1_FullCycle.TestExecute -->
    </test> <!-- Sprint1_OnceCycle -->
  </suite> <!-- TestOnceCycle -->
</testng-results>
